# JRE version: OpenJDK Runtime Environment (7.0_121) (build 1.7.0_121-b00)
# Java VM: OpenJDK 64-Bit Server VM (24.121-b00 mixed mode linux-amd64 compressed oops)
Heap
 PSYoungGen      total 35840K, used 304K [0x00000007d7f00000, 0x00000007da700000, 0x0000000800000000)
  eden space 30720K, 0% used [0x00000007d7f00000,0x00000007d7f00000,0x00000007d9d00000)
  from space 5120K, 5% used [0x00000007d9d00000,0x00000007d9d4c020,0x00000007da200000)
  to   space 5120K, 0% used [0x00000007da200000,0x00000007da200000,0x00000007da700000)
 ParOldGen       total 81920K, used 2601K [0x0000000787e00000, 0x000000078ce00000, 0x00000007d7f00000)
  object space 81920K, 3% used [0x0000000787e00000,0x000000078808a508,0x000000078ce00000)
 PSPermGen       total 24576K, used 12459K [0x000000077d800000, 0x000000077f000000, 0x0000000787e00000)
  object space 24576K, 50% used [0x000000077d800000,0x000000077e42aee8,0x000000077f000000)
GC Heap History (10 events):
Event: 1.626 GC heap after
Heap after GC invocations=4 (full 2):
 PSYoungGen      total 35840K, used 0K [0x00000007d7f00000, 0x00000007da700000, 0x0000000800000000)
  eden space 30720K, 0% used [0x00000007d7f00000,0x00000007d7f00000,0x00000007d9d00000)
  from space 5120K, 0% used [0x00000007da200000,0x00000007da200000,0x00000007da700000)
  to   space 5120K, 0% used [0x00000007d9d00000,0x00000007d9d00000,0x00000007da200000)
 ParOldGen       total 81920K, used 2646K [0x0000000787e00000, 0x000000078ce00000, 0x00000007d7f00000)
  object space 81920K, 3% used [0x0000000787e00000,0x0000000788095b88,0x000000078ce00000)
 PSPermGen       total 24576K, used 11283K [0x000000077d800000, 0x000000077f000000, 0x0000000787e00000)
  object space 24576K, 45% used [0x000000077d800000,0x000000077e304d58,0x000000077f000000)
}
Event: 4880.697 GC heap before
{Heap before GC invocations=5 (full 2):
 PSYoungGen      total 35840K, used 30720K [0x00000007d7f00000, 0x00000007da700000, 0x0000000800000000)
  eden space 30720K, 100% used [0x00000007d7f00000,0x00000007d9d00000,0x00000007d9d00000)
  from space 5120K, 0% used [0x00000007da200000,0x00000007da200000,0x00000007da700000)
  to   space 5120K, 0% used [0x00000007d9d00000,0x00000007d9d00000,0x00000007da200000)
 ParOldGen       total 81920K, used 2646K [0x0000000787e00000, 0x000000078ce00000, 0x00000007d7f00000)
  object space 81920K, 3% used [0x0000000787e00000,0x0000000788095b88,0x000000078ce00000)
 PSPermGen       total 24576K, used 12467K [0x000000077d800000, 0x000000077f000000, 0x0000000787e00000)
  object space 24576K, 50% used [0x000000077d800000,0x000000077e42cee0,0x000000077f000000)
Event: 4880.741 GC heap after
Heap after GC invocations=5 (full 2):
 PSYoungGen      total 35840K, used 1044K [0x00000007d7f00000, 0x00000007da700000, 0x0000000800000000)
  eden space 30720K, 0% used [0x00000007d7f00000,0x00000007d7f00000,0x00000007d9d00000)
  from space 5120K, 20% used [0x00000007d9d00000,0x00000007d9e05000,0x00000007da200000)
  to   space 5120K, 0% used [0x00000007da200000,0x00000007da200000,0x00000007da700000)
 ParOldGen       total 81920K, used 2654K [0x0000000787e00000, 0x000000078ce00000, 0x00000007d7f00000)
  object space 81920K, 3% used [0x0000000787e00000,0x0000000788097b88,0x000000078ce00000)
 PSPermGen       total 24576K, used 12467K [0x000000077d800000, 0x000000077f000000, 0x0000000787e00000)
  object space 24576K, 50% used [0x000000077d800000,0x000000077e42cee0,0x000000077f000000)
}
Event: 6085.891 GC heap before
{Heap before GC invocations=6 (full 2):
 PSYoungGen      total 35840K, used 2991K [0x00000007d7f00000, 0x00000007da700000, 0x0000000800000000)
  eden space 30720K, 6% used [0x00000007d7f00000,0x00000007d80e6d38,0x00000007d9d00000)
  from space 5120K, 20% used [0x00000007d9d00000,0x00000007d9e05000,0x00000007da200000)
  to   space 5120K, 0% used [0x00000007da200000,0x00000007da200000,0x00000007da700000)
 ParOldGen       total 81920K, used 2654K [0x0000000787e00000, 0x000000078ce00000, 0x00000007d7f00000)
  object space 81920K, 3% used [0x0000000787e00000,0x0000000788097b88,0x000000078ce00000)
 PSPermGen       total 24576K, used 12471K [0x000000077d800000, 0x000000077f000000, 0x0000000787e00000)
  object space 24576K, 50% used [0x000000077d800000,0x000000077e42de58,0x000000077f000000)
Event: 6085.895 GC heap after
Heap after GC invocations=6 (full 2):
 PSYoungGen      total 35840K, used 480K [0x00000007d7f00000, 0x00000007da700000, 0x0000000800000000)
  eden space 30720K, 0% used [0x00000007d7f00000,0x00000007d7f00000,0x00000007d9d00000)
  from space 5120K, 9% used [0x00000007da200000,0x00000007da278030,0x00000007da700000)
  to   space 5120K, 0% used [0x00000007d9d00000,0x00000007d9d00000,0x00000007da200000)
 ParOldGen       total 81920K, used 2654K [0x0000000787e00000, 0x000000078ce00000, 0x00000007d7f00000)
  object space 81920K, 3% used [0x0000000787e00000,0x0000000788097b88,0x000000078ce00000)
 PSPermGen       total 24576K, used 12471K [0x000000077d800000, 0x000000077f000000, 0x0000000787e00000)
  object space 24576K, 50% used [0x000000077d800000,0x000000077e42de58,0x000000077f000000)
}
Event: 6085.895 GC heap before
{Heap before GC invocations=7 (full 3):
 PSYoungGen      total 35840K, used 480K [0x00000007d7f00000, 0x00000007da700000, 0x0000000800000000)
  eden space 30720K, 0% used [0x00000007d7f00000,0x00000007d7f00000,0x00000007d9d00000)
  from space 5120K, 9% used [0x00000007da200000,0x00000007da278030,0x00000007da700000)
  to   space 5120K, 0% used [0x00000007d9d00000,0x00000007d9d00000,0x00000007da200000)
 ParOldGen       total 81920K, used 2654K [0x0000000787e00000, 0x000000078ce00000, 0x00000007d7f00000)
  object space 81920K, 3% used [0x0000000787e00000,0x0000000788097b88,0x000000078ce00000)
 PSPermGen       total 24576K, used 12471K [0x000000077d800000, 0x000000077f000000, 0x0000000787e00000)
  object space 24576K, 50% used [0x000000077d800000,0x000000077e42de58,0x000000077f000000)
Event: 6085.942 GC heap after
Heap after GC invocations=7 (full 3):
 PSYoungGen      total 35840K, used 0K [0x00000007d7f00000, 0x00000007da700000, 0x0000000800000000)
  eden space 30720K, 0% used [0x00000007d7f00000,0x00000007d7f00000,0x00000007d9d00000)
  from space 5120K, 0% used [0x00000007da200000,0x00000007da200000,0x00000007da700000)
  to   space 5120K, 0% used [0x00000007d9d00000,0x00000007d9d00000,0x00000007da200000)
 ParOldGen       total 81920K, used 2601K [0x0000000787e00000, 0x000000078ce00000, 0x00000007d7f00000)
  object space 81920K, 3% used [0x0000000787e00000,0x000000078808a508,0x000000078ce00000)
 PSPermGen       total 24576K, used 12416K [0x000000077d800000, 0x000000077f000000, 0x0000000787e00000)
  object space 24576K, 50% used [0x000000077d800000,0x000000077e4202a8,0x000000077f000000)
}
Event: 7642.511 GC heap before
{Heap before GC invocations=8 (full 3):
 PSYoungGen      total 35840K, used 7582K [0x00000007d7f00000, 0x00000007da700000, 0x0000000800000000)
  eden space 30720K, 24% used [0x00000007d7f00000,0x00000007d8667a08,0x00000007d9d00000)
  from space 5120K, 0% used [0x00000007da200000,0x00000007da200000,0x00000007da700000)
  to   space 5120K, 0% used [0x00000007d9d00000,0x00000007d9d00000,0x00000007da200000)
 ParOldGen       total 81920K, used 2601K [0x0000000787e00000, 0x000000078ce00000, 0x00000007d7f00000)
  object space 81920K, 3% used [0x0000000787e00000,0x000000078808a508,0x000000078ce00000)
 PSPermGen       total 24576K, used 12459K [0x000000077d800000, 0x000000077f000000, 0x0000000787e00000)
  object space 24576K, 50% used [0x000000077d800000,0x000000077e42aee8,0x000000077f000000)
Event: 7642.512 GC heap after
Heap after GC invocations=8 (full 3):
 PSYoungGen      total 35840K, used 304K [0x00000007d7f00000, 0x00000007da700000, 0x0000000800000000)
  eden space 30720K, 0% used [0x00000007d7f00000,0x00000007d7f00000,0x00000007d9d00000)
  from space 5120K, 5% used [0x00000007d9d00000,0x00000007d9d4c020,0x00000007da200000)
  to   space 5120K, 0% used [0x00000007da200000,0x00000007da200000,0x00000007da700000)
 ParOldGen       total 81920K, used 2601K [0x0000000787e00000, 0x000000078ce00000, 0x00000007d7f00000)
  object space 81920K, 3% used [0x0000000787e00000,0x000000078808a508,0x000000078ce00000)
 PSPermGen       total 24576K, used 12459K [0x000000077d800000, 0x000000077f000000, 0x0000000787e00000)
  object space 24576K, 50% used [0x000000077d800000,0x000000077e42aee8,0x000000077f000000)
}
Event: 7642.512 GC heap before
{Heap before GC invocations=9 (full 4):
 PSYoungGen      total 35840K, used 304K [0x00000007d7f00000, 0x00000007da700000, 0x0000000800000000)
  eden space 30720K, 0% used [0x00000007d7f00000,0x00000007d7f00000,0x00000007d9d00000)
  from space 5120K, 5% used [0x00000007d9d00000,0x00000007d9d4c020,0x00000007da200000)
  to   space 5120K, 0% used [0x00000007da200000,0x00000007da200000,0x00000007da700000)
 ParOldGen       total 81920K, used 2601K [0x0000000787e00000, 0x000000078ce00000, 0x00000007d7f00000)
  object space 81920K, 3% used [0x0000000787e00000,0x000000078808a508,0x000000078ce00000)
 PSPermGen       total 24576K, used 12459K [0x000000077d800000, 0x000000077f000000, 0x0000000787e00000)
  object space 24576K, 50% used [0x000000077d800000,0x000000077e42aee8,0x000000077f000000)

